[2024-12-25 16:50:06,399] - root - INFO - Initiating ingestion of data
[2024-12-25 16:50:06,456] - root - INFO - Train and Test data split done
[2024-12-25 16:50:06,456] - root - INFO - Exited split_data_as_train_test method of Data_Ingestion class
[2024-12-25 16:50:06,457] - root - INFO - exporting created for train and test data to filepath
[2024-12-25 16:50:06,492] - root - INFO - exported train and test data to filepath
[2024-12-25 16:50:06,493] - root - INFO - Data ingestion done
[2024-12-25 16:50:06,496] - root - INFO - Initiating validation of data
[2024-12-25 16:50:06,496] - root - INFO - Initiating data validation
[2024-12-25 16:50:06,528] - root - INFO - Required number of columns in the schema:21
[2024-12-25 16:50:06,528] - root - INFO - Dataframe has columns:21
[2024-12-25 16:50:06,528] - root - INFO - Number of columns in the dataframe matches the schema
[2024-12-25 16:50:06,528] - root - INFO - Required number of columns in the schema:21
[2024-12-25 16:50:06,528] - root - INFO - Dataframe has columns:21
[2024-12-25 16:50:06,528] - root - INFO - Number of columns in the dataframe matches the schema
[2024-12-25 16:50:06,716] - root - INFO - Data validation done
[2024-12-25 16:50:06,717] - root - INFO - Initiating transformation of data
[2024-12-25 16:50:06,717] - root - INFO - Entered initiate_data_transformation method of DataTransformation class
[2024-12-25 16:50:06,717] - root - INFO - Starting data transformation
[2024-12-25 16:50:06,762] - root - INFO - Entered get_data_transformer_object method of DataTransformation class
[2024-12-25 16:50:06,763] - root - INFO - Initialized transformation pipeline successfully.
