[2024-12-29T04:27:42.449+0000] {manager.py:487} INFO - Processing files using up to 2 processes at a time 
[2024-12-29T04:27:42.450+0000] {manager.py:488} INFO - Process each file at most once every 30 seconds
[2024-12-29T04:27:42.451+0000] {manager.py:489} INFO - Checking for new files in /opt/airflow/dags every 300 seconds
[2024-12-29T04:27:42.451+0000] {manager.py:759} INFO - Searching for files in /opt/airflow/dags
[2024-12-29T04:27:42.472+0000] {manager.py:762} INFO - There are 1 files in /opt/airflow/dags
[2024-12-29T04:27:42.547+0000] {manager.py:893} INFO - 
================================================================================
DAG File Processing Stats

File Path                                    PID  Runtime      # DAGs    # Errors  Last Runtime    Last Run
-----------------------------------------  -----  ---------  --------  ----------  --------------  ----------
/opt/airflow/dags/churn_prediction_dag.py     44  0.03s             0           0
================================================================================
[2024-12-29T04:28:12.678+0000] {manager.py:893} INFO - 
================================================================================
DAG File Processing Stats

File Path                                  PID    Runtime      # DAGs    # Errors  Last Runtime    Last Run
-----------------------------------------  -----  ---------  --------  ----------  --------------  -------------------
/opt/airflow/dags/churn_prediction_dag.py                           0           1  1.42s           2024-12-29T04:27:43
================================================================================
[2024-12-29T04:28:42.740+0000] {manager.py:893} INFO - 
================================================================================
DAG File Processing Stats

File Path                                  PID    Runtime      # DAGs    # Errors  Last Runtime    Last Run
-----------------------------------------  -----  ---------  --------  ----------  --------------  -------------------
/opt/airflow/dags/churn_prediction_dag.py                           0           1  0.55s           2024-12-29T04:28:14
================================================================================
[2024-12-29T04:29:13.322+0000] {manager.py:893} INFO - 
================================================================================
DAG File Processing Stats

File Path                                  PID    Runtime      # DAGs    # Errors  Last Runtime    Last Run
-----------------------------------------  -----  ---------  --------  ----------  --------------  -------------------
/opt/airflow/dags/churn_prediction_dag.py                           0           1  0.63s           2024-12-29T04:28:45
================================================================================
[2024-12-29T04:29:43.638+0000] {manager.py:893} INFO - 
================================================================================
DAG File Processing Stats

File Path                                  PID    Runtime      # DAGs    # Errors  Last Runtime    Last Run
-----------------------------------------  -----  ---------  --------  ----------  --------------  -------------------
/opt/airflow/dags/churn_prediction_dag.py                           0           1  0.51s           2024-12-29T04:29:16
================================================================================
[2024-12-29T04:30:13.775+0000] {manager.py:893} INFO - 
================================================================================
DAG File Processing Stats

File Path                                  PID    Runtime      # DAGs    # Errors  Last Runtime    Last Run
-----------------------------------------  -----  ---------  --------  ----------  --------------  -------------------
/opt/airflow/dags/churn_prediction_dag.py                           0           1  0.63s           2024-12-29T04:29:46
================================================================================
[2024-12-29T04:30:44.042+0000] {manager.py:893} INFO - 
================================================================================
DAG File Processing Stats

File Path                                  PID    Runtime      # DAGs    # Errors  Last Runtime    Last Run
-----------------------------------------  -----  ---------  --------  ----------  --------------  -------------------
/opt/airflow/dags/churn_prediction_dag.py                           0           1  0.57s           2024-12-29T04:30:17
================================================================================
[2024-12-29T04:31:14.178+0000] {manager.py:893} INFO - 
================================================================================
DAG File Processing Stats

File Path                                  PID    Runtime      # DAGs    # Errors  Last Runtime    Last Run
-----------------------------------------  -----  ---------  --------  ----------  --------------  -------------------
/opt/airflow/dags/churn_prediction_dag.py                           0           1  0.55s           2024-12-29T04:30:48
================================================================================
[2024-12-29T04:31:44.430+0000] {manager.py:893} INFO - 
================================================================================
DAG File Processing Stats

File Path                                  PID    Runtime      # DAGs    # Errors  Last Runtime    Last Run
-----------------------------------------  -----  ---------  --------  ----------  --------------  -------------------
/opt/airflow/dags/churn_prediction_dag.py                           0           1  0.46s           2024-12-29T04:31:18
================================================================================
[2024-12-29T04:32:14.526+0000] {manager.py:893} INFO - 
================================================================================
DAG File Processing Stats

File Path                                  PID    Runtime      # DAGs    # Errors  Last Runtime    Last Run
-----------------------------------------  -----  ---------  --------  ----------  --------------  -------------------
/opt/airflow/dags/churn_prediction_dag.py                           0           1  0.50s           2024-12-29T04:31:49
================================================================================
[2024-12-29T04:32:42.656+0000] {manager.py:759} INFO - Searching for files in /opt/airflow/dags
[2024-12-29T04:32:42.674+0000] {manager.py:762} INFO - There are 1 files in /opt/airflow/dags
[2024-12-29T04:32:44.691+0000] {manager.py:893} INFO - 
================================================================================
DAG File Processing Stats

File Path                                  PID    Runtime      # DAGs    # Errors  Last Runtime    Last Run
-----------------------------------------  -----  ---------  --------  ----------  --------------  -------------------
/opt/airflow/dags/churn_prediction_dag.py                           0           1  0.42s           2024-12-29T04:32:19
================================================================================
[2024-12-29T04:33:15.215+0000] {manager.py:893} INFO - 
================================================================================
DAG File Processing Stats

File Path                                  PID    Runtime      # DAGs    # Errors  Last Runtime    Last Run
-----------------------------------------  -----  ---------  --------  ----------  --------------  -------------------
/opt/airflow/dags/churn_prediction_dag.py                           0           1  0.44s           2024-12-29T04:32:50
================================================================================
[2024-12-29T04:33:45.236+0000] {manager.py:893} INFO - 
================================================================================
DAG File Processing Stats

File Path                                  PID    Runtime      # DAGs    # Errors  Last Runtime    Last Run
-----------------------------------------  -----  ---------  --------  ----------  --------------  -------------------
/opt/airflow/dags/churn_prediction_dag.py                           0           1  0.45s           2024-12-29T04:33:21
================================================================================
[2024-12-29T04:34:15.373+0000] {manager.py:893} INFO - 
================================================================================
DAG File Processing Stats

File Path                                  PID    Runtime      # DAGs    # Errors  Last Runtime    Last Run
-----------------------------------------  -----  ---------  --------  ----------  --------------  -------------------
/opt/airflow/dags/churn_prediction_dag.py                           0           1  0.46s           2024-12-29T04:33:51
================================================================================
[2024-12-29T04:34:45.389+0000] {manager.py:893} INFO - 
================================================================================
DAG File Processing Stats

File Path                                  PID    Runtime      # DAGs    # Errors  Last Runtime    Last Run
-----------------------------------------  -----  ---------  --------  ----------  --------------  -------------------
/opt/airflow/dags/churn_prediction_dag.py                           0           1  0.42s           2024-12-29T04:34:22
================================================================================
[2024-12-29T04:34:52.300+0000] {manager.py:469} INFO - Exiting gracefully upon receiving signal 15
[2024-12-29T04:35:21.219+0000] {manager.py:487} INFO - Processing files using up to 2 processes at a time 
[2024-12-29T04:35:21.220+0000] {manager.py:488} INFO - Process each file at most once every 30 seconds
[2024-12-29T04:35:21.220+0000] {manager.py:489} INFO - Checking for new files in /opt/airflow/dags every 300 seconds
[2024-12-29T04:35:21.221+0000] {manager.py:759} INFO - Searching for files in /opt/airflow/dags
[2024-12-29T04:35:21.238+0000] {manager.py:762} INFO - There are 1 files in /opt/airflow/dags
[2024-12-29T04:35:21.302+0000] {manager.py:893} INFO - 
================================================================================
DAG File Processing Stats

File Path                                    PID  Runtime      # DAGs    # Errors  Last Runtime    Last Run
-----------------------------------------  -----  ---------  --------  ----------  --------------  ----------
/opt/airflow/dags/churn_prediction_dag.py     44  0.03s             0           0
================================================================================
[2024-12-29T04:35:51.436+0000] {manager.py:893} INFO - 
================================================================================
DAG File Processing Stats

File Path                                  PID    Runtime      # DAGs    # Errors  Last Runtime    Last Run
-----------------------------------------  -----  ---------  --------  ----------  --------------  -------------------
/opt/airflow/dags/churn_prediction_dag.py                           0           1  1.26s           2024-12-29T04:35:22
================================================================================
[2024-12-29T04:36:21.789+0000] {manager.py:893} INFO - 
================================================================================
DAG File Processing Stats

File Path                                  PID    Runtime      # DAGs    # Errors  Last Runtime    Last Run
-----------------------------------------  -----  ---------  --------  ----------  --------------  -------------------
/opt/airflow/dags/churn_prediction_dag.py                           0           1  0.58s           2024-12-29T04:35:53
================================================================================
[2024-12-29T04:36:51.924+0000] {manager.py:893} INFO - 
================================================================================
DAG File Processing Stats

File Path                                  PID    Runtime      # DAGs    # Errors  Last Runtime    Last Run
-----------------------------------------  -----  ---------  --------  ----------  --------------  -------------------
/opt/airflow/dags/churn_prediction_dag.py                           0           1  0.57s           2024-12-29T04:36:23
================================================================================
[2024-12-29T04:37:22.198+0000] {manager.py:893} INFO - 
================================================================================
DAG File Processing Stats

File Path                                  PID    Runtime      # DAGs    # Errors  Last Runtime    Last Run
-----------------------------------------  -----  ---------  --------  ----------  --------------  -------------------
/opt/airflow/dags/churn_prediction_dag.py                           0           1  0.55s           2024-12-29T04:36:54
================================================================================
[2024-12-29T04:37:52.335+0000] {manager.py:893} INFO - 
================================================================================
DAG File Processing Stats

File Path                                  PID    Runtime      # DAGs    # Errors  Last Runtime    Last Run
-----------------------------------------  -----  ---------  --------  ----------  --------------  -------------------
/opt/airflow/dags/churn_prediction_dag.py                           0           1  0.55s           2024-12-29T04:37:25
================================================================================
[2024-12-29T04:38:03.472+0000] {manager.py:469} INFO - Exiting gracefully upon receiving signal 15
[2024-12-29T04:38:28.050+0000] {manager.py:487} INFO - Processing files using up to 2 processes at a time 
[2024-12-29T04:38:28.050+0000] {manager.py:488} INFO - Process each file at most once every 30 seconds
[2024-12-29T04:38:28.051+0000] {manager.py:489} INFO - Checking for new files in /opt/airflow/dags every 300 seconds
[2024-12-29T04:38:28.051+0000] {manager.py:759} INFO - Searching for files in /opt/airflow/dags
[2024-12-29T04:38:28.071+0000] {manager.py:762} INFO - There are 1 files in /opt/airflow/dags
[2024-12-29T04:38:28.153+0000] {manager.py:893} INFO - 
================================================================================
DAG File Processing Stats

File Path                                    PID  Runtime      # DAGs    # Errors  Last Runtime    Last Run
-----------------------------------------  -----  ---------  --------  ----------  --------------  ----------
/opt/airflow/dags/churn_prediction_dag.py     44  0.03s             0           0
================================================================================
[2024-12-29T04:38:58.283+0000] {manager.py:893} INFO - 
================================================================================
DAG File Processing Stats

File Path                                  PID    Runtime      # DAGs    # Errors  Last Runtime    Last Run
-----------------------------------------  -----  ---------  --------  ----------  --------------  -------------------
/opt/airflow/dags/churn_prediction_dag.py                           0           1  1.32s           2024-12-29T04:38:29
================================================================================
[2024-12-29T04:39:28.694+0000] {manager.py:893} INFO - 
================================================================================
DAG File Processing Stats

File Path                                  PID    Runtime      # DAGs    # Errors  Last Runtime    Last Run
-----------------------------------------  -----  ---------  --------  ----------  --------------  -------------------
/opt/airflow/dags/churn_prediction_dag.py                           0           1  0.54s           2024-12-29T04:39:00
================================================================================
[2024-12-29T04:39:58.828+0000] {manager.py:893} INFO - 
================================================================================
DAG File Processing Stats

File Path                                  PID    Runtime      # DAGs    # Errors  Last Runtime    Last Run
-----------------------------------------  -----  ---------  --------  ----------  --------------  -------------------
/opt/airflow/dags/churn_prediction_dag.py                           0           1  0.55s           2024-12-29T04:39:30
================================================================================
[2024-12-29T04:40:08.347+0000] {manager.py:469} INFO - Exiting gracefully upon receiving signal 15
[2024-12-29T04:40:35.003+0000] {manager.py:487} INFO - Processing files using up to 2 processes at a time 
[2024-12-29T04:40:35.004+0000] {manager.py:488} INFO - Process each file at most once every 30 seconds
[2024-12-29T04:40:35.004+0000] {manager.py:489} INFO - Checking for new files in /opt/airflow/dags every 300 seconds
[2024-12-29T04:40:35.005+0000] {manager.py:759} INFO - Searching for files in /opt/airflow/dags
[2024-12-29T04:40:35.021+0000] {manager.py:762} INFO - There are 1 files in /opt/airflow/dags
[2024-12-29T04:40:35.093+0000] {manager.py:893} INFO - 
================================================================================
DAG File Processing Stats

File Path                                    PID  Runtime      # DAGs    # Errors  Last Runtime    Last Run
-----------------------------------------  -----  ---------  --------  ----------  --------------  ----------
/opt/airflow/dags/churn_prediction_dag.py     44  0.03s             0           0
================================================================================
[2024-12-29T04:41:05.235+0000] {manager.py:893} INFO - 
================================================================================
DAG File Processing Stats

File Path                                  PID    Runtime      # DAGs    # Errors  Last Runtime    Last Run
-----------------------------------------  -----  ---------  --------  ----------  --------------  -------------------
/opt/airflow/dags/churn_prediction_dag.py                           0           1  1.12s           2024-12-29T04:40:36
================================================================================
[2024-12-29T04:41:35.417+0000] {manager.py:893} INFO - 
================================================================================
DAG File Processing Stats

File Path                                  PID    Runtime      # DAGs    # Errors  Last Runtime    Last Run
-----------------------------------------  -----  ---------  --------  ----------  --------------  -------------------
/opt/airflow/dags/churn_prediction_dag.py                           0           1  0.59s           2024-12-29T04:41:06
================================================================================
[2024-12-29T04:42:05.556+0000] {manager.py:893} INFO - 
================================================================================
DAG File Processing Stats

File Path                                  PID    Runtime      # DAGs    # Errors  Last Runtime    Last Run
-----------------------------------------  -----  ---------  --------  ----------  --------------  -------------------
/opt/airflow/dags/churn_prediction_dag.py                           0           1  0.58s           2024-12-29T04:41:37
================================================================================
[2024-12-29T04:42:35.813+0000] {manager.py:893} INFO - 
================================================================================
DAG File Processing Stats

File Path                                  PID    Runtime      # DAGs    # Errors  Last Runtime    Last Run
-----------------------------------------  -----  ---------  --------  ----------  --------------  -------------------
/opt/airflow/dags/churn_prediction_dag.py                           0           1  0.58s           2024-12-29T04:42:08
================================================================================
[2024-12-29T04:43:05.960+0000] {manager.py:893} INFO - 
================================================================================
DAG File Processing Stats

File Path                                  PID    Runtime      # DAGs    # Errors  Last Runtime    Last Run
-----------------------------------------  -----  ---------  --------  ----------  --------------  -------------------
/opt/airflow/dags/churn_prediction_dag.py                           0           1  0.58s           2024-12-29T04:42:38
================================================================================
[2024-12-29T04:43:36.110+0000] {manager.py:893} INFO - 
================================================================================
DAG File Processing Stats

File Path                                  PID    Runtime      # DAGs    # Errors  Last Runtime    Last Run
-----------------------------------------  -----  ---------  --------  ----------  --------------  -------------------
/opt/airflow/dags/churn_prediction_dag.py                           0           1  0.56s           2024-12-29T04:43:09
================================================================================
[2024-12-29T04:44:06.250+0000] {manager.py:893} INFO - 
================================================================================
DAG File Processing Stats

File Path                                  PID    Runtime      # DAGs    # Errors  Last Runtime    Last Run
-----------------------------------------  -----  ---------  --------  ----------  --------------  -------------------
/opt/airflow/dags/churn_prediction_dag.py                           0           1  0.59s           2024-12-29T04:43:40
================================================================================
[2024-12-29T04:44:36.513+0000] {manager.py:893} INFO - 
================================================================================
DAG File Processing Stats

File Path                                  PID    Runtime      # DAGs    # Errors  Last Runtime    Last Run
-----------------------------------------  -----  ---------  --------  ----------  --------------  -------------------
/opt/airflow/dags/churn_prediction_dag.py                           0           1  0.43s           2024-12-29T04:44:10
================================================================================
[2024-12-29T04:45:07.060+0000] {manager.py:893} INFO - 
================================================================================
DAG File Processing Stats

File Path                                  PID    Runtime      # DAGs    # Errors  Last Runtime    Last Run
-----------------------------------------  -----  ---------  --------  ----------  --------------  -------------------
/opt/airflow/dags/churn_prediction_dag.py                           0           1  0.45s           2024-12-29T04:44:41
================================================================================
[2024-12-29T04:45:35.060+0000] {manager.py:759} INFO - Searching for files in /opt/airflow/dags
[2024-12-29T04:45:35.074+0000] {manager.py:762} INFO - There are 1 files in /opt/airflow/dags
[2024-12-29T04:45:37.090+0000] {manager.py:893} INFO - 
================================================================================
DAG File Processing Stats

File Path                                  PID    Runtime      # DAGs    # Errors  Last Runtime    Last Run
-----------------------------------------  -----  ---------  --------  ----------  --------------  -------------------
/opt/airflow/dags/churn_prediction_dag.py                           0           1  0.43s           2024-12-29T04:45:11
================================================================================
[2024-12-29T04:46:07.227+0000] {manager.py:893} INFO - 
================================================================================
DAG File Processing Stats

File Path                                  PID    Runtime      # DAGs    # Errors  Last Runtime    Last Run
-----------------------------------------  -----  ---------  --------  ----------  --------------  -------------------
/opt/airflow/dags/churn_prediction_dag.py                           0           1  0.44s           2024-12-29T04:45:42
================================================================================
[2024-12-29T04:46:37.263+0000] {manager.py:893} INFO - 
================================================================================
DAG File Processing Stats

File Path                                  PID    Runtime      # DAGs    # Errors  Last Runtime    Last Run
-----------------------------------------  -----  ---------  --------  ----------  --------------  -------------------
/opt/airflow/dags/churn_prediction_dag.py                           0           1  0.45s           2024-12-29T04:46:13
================================================================================
[2024-12-29T04:47:07.413+0000] {manager.py:893} INFO - 
================================================================================
DAG File Processing Stats

File Path                                  PID    Runtime      # DAGs    # Errors  Last Runtime    Last Run
-----------------------------------------  -----  ---------  --------  ----------  --------------  -------------------
/opt/airflow/dags/churn_prediction_dag.py                           0           1  0.48s           2024-12-29T04:46:43
================================================================================
[2024-12-29T04:47:37.505+0000] {manager.py:893} INFO - 
================================================================================
DAG File Processing Stats

File Path                                  PID    Runtime      # DAGs    # Errors  Last Runtime    Last Run
-----------------------------------------  -----  ---------  --------  ----------  --------------  -------------------
/opt/airflow/dags/churn_prediction_dag.py                           0           1  0.48s           2024-12-29T04:47:14
================================================================================
[2024-12-29T04:48:07.646+0000] {manager.py:893} INFO - 
================================================================================
DAG File Processing Stats

File Path                                  PID    Runtime      # DAGs    # Errors  Last Runtime    Last Run
-----------------------------------------  -----  ---------  --------  ----------  --------------  -------------------
/opt/airflow/dags/churn_prediction_dag.py                           0           1  0.44s           2024-12-29T04:47:44
================================================================================
[2024-12-29T04:48:37.721+0000] {manager.py:893} INFO - 
================================================================================
DAG File Processing Stats

File Path                                  PID    Runtime      # DAGs    # Errors  Last Runtime    Last Run
-----------------------------------------  -----  ---------  --------  ----------  --------------  -------------------
/opt/airflow/dags/churn_prediction_dag.py                           0           1  0.50s           2024-12-29T04:48:15
================================================================================
[2024-12-29T04:49:07.866+0000] {manager.py:893} INFO - 
================================================================================
DAG File Processing Stats

File Path                                  PID    Runtime      # DAGs    # Errors  Last Runtime    Last Run
-----------------------------------------  -----  ---------  --------  ----------  --------------  -------------------
/opt/airflow/dags/churn_prediction_dag.py                           0           1  0.45s           2024-12-29T04:48:46
================================================================================
[2024-12-29T04:49:38.000+0000] {manager.py:893} INFO - 
================================================================================
DAG File Processing Stats

File Path                                  PID    Runtime      # DAGs    # Errors  Last Runtime    Last Run
-----------------------------------------  -----  ---------  --------  ----------  --------------  -------------------
/opt/airflow/dags/churn_prediction_dag.py                           0           1  0.57s           2024-12-29T04:49:16
================================================================================
[2024-12-29T04:50:08.139+0000] {manager.py:893} INFO - 
================================================================================
DAG File Processing Stats

File Path                                  PID    Runtime      # DAGs    # Errors  Last Runtime    Last Run
-----------------------------------------  -----  ---------  --------  ----------  --------------  -------------------
/opt/airflow/dags/churn_prediction_dag.py                           0           1  0.42s           2024-12-29T04:49:47
================================================================================
[2024-12-29T04:50:35.097+0000] {manager.py:759} INFO - Searching for files in /opt/airflow/dags
[2024-12-29T04:50:35.111+0000] {manager.py:762} INFO - There are 1 files in /opt/airflow/dags
[2024-12-29T04:50:38.693+0000] {manager.py:893} INFO - 
================================================================================
DAG File Processing Stats

File Path                                  PID    Runtime      # DAGs    # Errors  Last Runtime    Last Run
-----------------------------------------  -----  ---------  --------  ----------  --------------  -------------------
/opt/airflow/dags/churn_prediction_dag.py                           0           1  0.43s           2024-12-29T04:50:18
================================================================================
[2024-12-29T04:51:09.274+0000] {manager.py:893} INFO - 
================================================================================
DAG File Processing Stats

File Path                                  PID    Runtime      # DAGs    # Errors  Last Runtime    Last Run
-----------------------------------------  -----  ---------  --------  ----------  --------------  -------------------
/opt/airflow/dags/churn_prediction_dag.py                           0           1  0.42s           2024-12-29T04:50:48
================================================================================
[2024-12-29T04:51:39.829+0000] {manager.py:893} INFO - 
================================================================================
DAG File Processing Stats

File Path                                  PID    Runtime      # DAGs    # Errors  Last Runtime    Last Run
-----------------------------------------  -----  ---------  --------  ----------  --------------  -------------------
/opt/airflow/dags/churn_prediction_dag.py                           0           1  0.41s           2024-12-29T04:51:19
================================================================================
[2024-12-29T04:52:10.371+0000] {manager.py:893} INFO - 
================================================================================
DAG File Processing Stats

File Path                                  PID    Runtime      # DAGs    # Errors  Last Runtime    Last Run
-----------------------------------------  -----  ---------  --------  ----------  --------------  -------------------
/opt/airflow/dags/churn_prediction_dag.py                           0           1  0.42s           2024-12-29T04:51:49
================================================================================
[2024-12-29T04:52:40.925+0000] {manager.py:893} INFO - 
================================================================================
DAG File Processing Stats

File Path                                  PID    Runtime      # DAGs    # Errors  Last Runtime    Last Run
-----------------------------------------  -----  ---------  --------  ----------  --------------  -------------------
/opt/airflow/dags/churn_prediction_dag.py                           0           1  0.42s           2024-12-29T04:52:20
================================================================================
[2024-12-29T04:53:11.471+0000] {manager.py:893} INFO - 
================================================================================
DAG File Processing Stats

File Path                                  PID    Runtime      # DAGs    # Errors  Last Runtime    Last Run
-----------------------------------------  -----  ---------  --------  ----------  --------------  -------------------
/opt/airflow/dags/churn_prediction_dag.py                           0           1  0.41s           2024-12-29T04:52:50
================================================================================
[2024-12-29T04:53:40.252+0000] {manager.py:469} INFO - Exiting gracefully upon receiving signal 15
[2024-12-29T04:56:41.157+0000] {manager.py:487} INFO - Processing files using up to 2 processes at a time 
[2024-12-29T04:56:41.159+0000] {manager.py:488} INFO - Process each file at most once every 30 seconds
[2024-12-29T04:56:41.160+0000] {manager.py:489} INFO - Checking for new files in /opt/airflow/dags every 300 seconds
[2024-12-29T04:56:41.160+0000] {manager.py:759} INFO - Searching for files in /opt/airflow/dags
[2024-12-29T04:56:41.180+0000] {manager.py:762} INFO - There are 1 files in /opt/airflow/dags
[2024-12-29T04:56:41.259+0000] {manager.py:893} INFO - 
================================================================================
DAG File Processing Stats

File Path                                    PID  Runtime      # DAGs    # Errors  Last Runtime    Last Run
-----------------------------------------  -----  ---------  --------  ----------  --------------  ----------
/opt/airflow/dags/churn_prediction_dag.py     44  0.03s             0           0
================================================================================
[2024-12-29T04:57:11.407+0000] {manager.py:893} INFO - 
================================================================================
DAG File Processing Stats

File Path                                  PID    Runtime      # DAGs    # Errors  Last Runtime    Last Run
-----------------------------------------  -----  ---------  --------  ----------  --------------  -------------------
/opt/airflow/dags/churn_prediction_dag.py                           0           1  1.41s           2024-12-29T04:56:42
================================================================================
[2024-12-29T04:57:41.497+0000] {manager.py:893} INFO - 
================================================================================
DAG File Processing Stats

File Path                                  PID    Runtime      # DAGs    # Errors  Last Runtime    Last Run
-----------------------------------------  -----  ---------  --------  ----------  --------------  -------------------
/opt/airflow/dags/churn_prediction_dag.py                           0           1  0.59s           2024-12-29T04:57:13
================================================================================
[2024-12-29T04:58:12.049+0000] {manager.py:893} INFO - 
================================================================================
DAG File Processing Stats

File Path                                  PID    Runtime      # DAGs    # Errors  Last Runtime    Last Run
-----------------------------------------  -----  ---------  --------  ----------  --------------  -------------------
/opt/airflow/dags/churn_prediction_dag.py                           0           1  0.61s           2024-12-29T04:57:44
================================================================================
[2024-12-29T04:58:42.362+0000] {manager.py:893} INFO - 
================================================================================
DAG File Processing Stats

File Path                                  PID    Runtime      # DAGs    # Errors  Last Runtime    Last Run
-----------------------------------------  -----  ---------  --------  ----------  --------------  -------------------
/opt/airflow/dags/churn_prediction_dag.py                           0           1  0.66s           2024-12-29T04:58:14
================================================================================
[2024-12-29T04:59:12.502+0000] {manager.py:893} INFO - 
================================================================================
DAG File Processing Stats

File Path                                  PID    Runtime      # DAGs    # Errors  Last Runtime    Last Run
-----------------------------------------  -----  ---------  --------  ----------  --------------  -------------------
/opt/airflow/dags/churn_prediction_dag.py                           0           1  0.53s           2024-12-29T04:58:45
================================================================================
[2024-12-29T04:59:42.835+0000] {manager.py:893} INFO - 
================================================================================
DAG File Processing Stats

File Path                                  PID    Runtime      # DAGs    # Errors  Last Runtime    Last Run
-----------------------------------------  -----  ---------  --------  ----------  --------------  -------------------
/opt/airflow/dags/churn_prediction_dag.py                           0           1  0.53s           2024-12-29T04:59:16
================================================================================
[2024-12-29T05:00:12.979+0000] {manager.py:893} INFO - 
================================================================================
DAG File Processing Stats

File Path                                  PID    Runtime      # DAGs    # Errors  Last Runtime    Last Run
-----------------------------------------  -----  ---------  --------  ----------  --------------  -------------------
/opt/airflow/dags/churn_prediction_dag.py                           0           1  0.51s           2024-12-29T04:59:46
================================================================================
[2024-12-29T05:00:43.254+0000] {manager.py:893} INFO - 
================================================================================
DAG File Processing Stats

File Path                                  PID    Runtime      # DAGs    # Errors  Last Runtime    Last Run
-----------------------------------------  -----  ---------  --------  ----------  --------------  -------------------
/opt/airflow/dags/churn_prediction_dag.py                           0           1  0.51s           2024-12-29T05:00:17
================================================================================
[2024-12-29T05:01:13.338+0000] {manager.py:893} INFO - 
================================================================================
DAG File Processing Stats

File Path                                  PID    Runtime      # DAGs    # Errors  Last Runtime    Last Run
-----------------------------------------  -----  ---------  --------  ----------  --------------  -------------------
/opt/airflow/dags/churn_prediction_dag.py                           0           1  0.45s           2024-12-29T05:00:48
================================================================================
[2024-12-29T05:01:41.472+0000] {manager.py:759} INFO - Searching for files in /opt/airflow/dags
[2024-12-29T05:01:41.487+0000] {manager.py:762} INFO - There are 1 files in /opt/airflow/dags
[2024-12-29T05:01:43.505+0000] {manager.py:893} INFO - 
================================================================================
DAG File Processing Stats

File Path                                  PID    Runtime      # DAGs    # Errors  Last Runtime    Last Run
-----------------------------------------  -----  ---------  --------  ----------  --------------  -------------------
/opt/airflow/dags/churn_prediction_dag.py                           0           1  0.43s           2024-12-29T05:01:18
================================================================================
[2024-12-29T05:02:14.044+0000] {manager.py:893} INFO - 
================================================================================
DAG File Processing Stats

File Path                                  PID    Runtime      # DAGs    # Errors  Last Runtime    Last Run
-----------------------------------------  -----  ---------  --------  ----------  --------------  -------------------
/opt/airflow/dags/churn_prediction_dag.py                           0           1  0.41s           2024-12-29T05:01:49
================================================================================
[2024-12-29T05:02:44.601+0000] {manager.py:893} INFO - 
================================================================================
DAG File Processing Stats

File Path                                  PID    Runtime      # DAGs    # Errors  Last Runtime    Last Run
-----------------------------------------  -----  ---------  --------  ----------  --------------  -------------------
/opt/airflow/dags/churn_prediction_dag.py                           0           1  0.43s           2024-12-29T05:02:19
================================================================================
[2024-12-29T05:03:14.621+0000] {manager.py:893} INFO - 
================================================================================
DAG File Processing Stats

File Path                                  PID    Runtime      # DAGs    # Errors  Last Runtime    Last Run
-----------------------------------------  -----  ---------  --------  ----------  --------------  -------------------
/opt/airflow/dags/churn_prediction_dag.py                           0           1  0.47s           2024-12-29T05:02:50
================================================================================
[2024-12-29T05:03:44.766+0000] {manager.py:893} INFO - 
================================================================================
DAG File Processing Stats

File Path                                  PID    Runtime      # DAGs    # Errors  Last Runtime    Last Run
-----------------------------------------  -----  ---------  --------  ----------  --------------  -------------------
/opt/airflow/dags/churn_prediction_dag.py                           0           1  0.45s           2024-12-29T05:03:21
================================================================================
[2024-12-29T05:03:53.520+0000] {manager.py:469} INFO - Exiting gracefully upon receiving signal 15
[2024-12-29T05:06:00.635+0000] {manager.py:487} INFO - Processing files using up to 2 processes at a time 
[2024-12-29T05:06:00.635+0000] {manager.py:488} INFO - Process each file at most once every 30 seconds
[2024-12-29T05:06:00.636+0000] {manager.py:489} INFO - Checking for new files in /opt/airflow/dags every 300 seconds
[2024-12-29T05:06:00.636+0000] {manager.py:759} INFO - Searching for files in /opt/airflow/dags
[2024-12-29T05:06:00.655+0000] {manager.py:762} INFO - There are 1 files in /opt/airflow/dags
[2024-12-29T05:06:00.723+0000] {manager.py:893} INFO - 
================================================================================
DAG File Processing Stats

File Path                                    PID  Runtime      # DAGs    # Errors  Last Runtime    Last Run
-----------------------------------------  -----  ---------  --------  ----------  --------------  ----------
/opt/airflow/dags/churn_prediction_dag.py     44  0.03s             0           0
================================================================================
[2024-12-29T05:06:30.855+0000] {manager.py:893} INFO - 
================================================================================
DAG File Processing Stats

File Path                                  PID    Runtime      # DAGs    # Errors  Last Runtime    Last Run
-----------------------------------------  -----  ---------  --------  ----------  --------------  -------------------
/opt/airflow/dags/churn_prediction_dag.py                           0           1  1.42s           2024-12-29T05:06:02
================================================================================
[2024-12-29T05:07:00.902+0000] {manager.py:893} INFO - 
================================================================================
DAG File Processing Stats

File Path                                  PID    Runtime      # DAGs    # Errors  Last Runtime    Last Run
-----------------------------------------  -----  ---------  --------  ----------  --------------  -------------------
/opt/airflow/dags/churn_prediction_dag.py                           0           1  0.53s           2024-12-29T05:06:32
================================================================================
[2024-12-29T05:07:31.509+0000] {manager.py:893} INFO - 
================================================================================
DAG File Processing Stats

File Path                                  PID    Runtime      # DAGs    # Errors  Last Runtime    Last Run
-----------------------------------------  -----  ---------  --------  ----------  --------------  -------------------
/opt/airflow/dags/churn_prediction_dag.py                           0           1  0.60s           2024-12-29T05:07:03
================================================================================
[2024-12-29T05:07:40.989+0000] {manager.py:469} INFO - Exiting gracefully upon receiving signal 15
[2024-12-29T05:15:04.118+0000] {manager.py:487} INFO - Processing files using up to 2 processes at a time 
[2024-12-29T05:15:04.118+0000] {manager.py:488} INFO - Process each file at most once every 30 seconds
[2024-12-29T05:15:04.119+0000] {manager.py:489} INFO - Checking for new files in /opt/airflow/dags every 300 seconds
[2024-12-29T05:15:04.119+0000] {manager.py:759} INFO - Searching for files in /opt/airflow/dags
[2024-12-29T05:15:04.139+0000] {manager.py:762} INFO - There are 1 files in /opt/airflow/dags
[2024-12-29T05:15:04.208+0000] {manager.py:893} INFO - 
================================================================================
DAG File Processing Stats

File Path                                    PID  Runtime      # DAGs    # Errors  Last Runtime    Last Run
-----------------------------------------  -----  ---------  --------  ----------  --------------  ----------
/opt/airflow/dags/churn_prediction_dag.py     44  0.03s             0           0
================================================================================
[2024-12-29T05:15:34.338+0000] {manager.py:893} INFO - 
================================================================================
DAG File Processing Stats

File Path                                  PID    Runtime      # DAGs    # Errors  Last Runtime    Last Run
-----------------------------------------  -----  ---------  --------  ----------  --------------  -------------------
/opt/airflow/dags/churn_prediction_dag.py                           0           1  1.39s           2024-12-29T05:15:05
================================================================================
[2024-12-29T05:16:04.376+0000] {manager.py:893} INFO - 
================================================================================
DAG File Processing Stats

File Path                                  PID    Runtime      # DAGs    # Errors  Last Runtime    Last Run
-----------------------------------------  -----  ---------  --------  ----------  --------------  -------------------
/opt/airflow/dags/churn_prediction_dag.py                           0           1  0.55s           2024-12-29T05:15:36
================================================================================
[2024-12-29T05:16:34.961+0000] {manager.py:893} INFO - 
================================================================================
DAG File Processing Stats

File Path                                  PID    Runtime      # DAGs    # Errors  Last Runtime    Last Run
-----------------------------------------  -----  ---------  --------  ----------  --------------  -------------------
/opt/airflow/dags/churn_prediction_dag.py                           0           1  0.68s           2024-12-29T05:16:07
================================================================================
[2024-12-29T05:16:59.072+0000] {manager.py:469} INFO - Exiting gracefully upon receiving signal 15
[2024-12-29T07:16:58.898+0000] {manager.py:483} INFO - Processing files using up to 2 processes at a time 
[2024-12-29T07:16:58.899+0000] {manager.py:484} INFO - Process each file at most once every 30 seconds
[2024-12-29T07:16:58.900+0000] {manager.py:485} INFO - Checking for new files in /opt/airflow/dags every 300 seconds
[2024-12-29T07:16:58.900+0000] {manager.py:821} INFO - Searching for files in /opt/airflow/dags
[2024-12-29T07:16:58.933+0000] {manager.py:824} INFO - There are 1 files in /opt/airflow/dags
[2024-12-29T07:16:59.032+0000] {manager.py:997} INFO - 
================================================================================
DAG File Processing Stats

File Path                                    PID  Runtime      # DAGs    # Errors  Last Runtime    Last Run      Last # of DB Queries
-----------------------------------------  -----  ---------  --------  ----------  --------------  ----------  ----------------------
/opt/airflow/dags/churn_prediction_dag.py     44  0.03s             0           0                                                   0
================================================================================
[2024-12-29T07:17:29.213+0000] {manager.py:997} INFO - 
================================================================================
DAG File Processing Stats

File Path                                  PID    Runtime      # DAGs    # Errors  Last Runtime    Last Run               Last # of DB Queries
-----------------------------------------  -----  ---------  --------  ----------  --------------  -------------------  ----------------------
/opt/airflow/dags/churn_prediction_dag.py                           0           1  3.69s           2024-12-29T07:17:02                       3
================================================================================
[2024-12-29T07:17:59.391+0000] {manager.py:997} INFO - 
================================================================================
DAG File Processing Stats

File Path                                  PID    Runtime      # DAGs    # Errors  Last Runtime    Last Run               Last # of DB Queries
-----------------------------------------  -----  ---------  --------  ----------  --------------  -------------------  ----------------------
/opt/airflow/dags/churn_prediction_dag.py                           0           1  1.54s           2024-12-29T07:17:34                       5
================================================================================
[2024-12-29T07:18:29.757+0000] {manager.py:997} INFO - 
================================================================================
DAG File Processing Stats

File Path                                  PID    Runtime      # DAGs    # Errors  Last Runtime    Last Run               Last # of DB Queries
-----------------------------------------  -----  ---------  --------  ----------  --------------  -------------------  ----------------------
/opt/airflow/dags/churn_prediction_dag.py                           0           1  1.55s           2024-12-29T07:18:06                       5
================================================================================
[2024-12-29T07:18:59.931+0000] {manager.py:997} INFO - 
================================================================================
DAG File Processing Stats

File Path                                  PID    Runtime      # DAGs    # Errors  Last Runtime    Last Run               Last # of DB Queries
-----------------------------------------  -----  ---------  --------  ----------  --------------  -------------------  ----------------------
/opt/airflow/dags/churn_prediction_dag.py                           0           1  1.52s           2024-12-29T07:18:37                       5
================================================================================
[2024-12-29T07:19:30.126+0000] {manager.py:997} INFO - 
================================================================================
DAG File Processing Stats

File Path                                  PID    Runtime      # DAGs    # Errors  Last Runtime    Last Run               Last # of DB Queries
-----------------------------------------  -----  ---------  --------  ----------  --------------  -------------------  ----------------------
/opt/airflow/dags/churn_prediction_dag.py                           0           1  1.65s           2024-12-29T07:19:09                       5
================================================================================
[2024-12-29T07:20:00.314+0000] {manager.py:997} INFO - 
================================================================================
DAG File Processing Stats

File Path                                  PID    Runtime      # DAGs    # Errors  Last Runtime    Last Run               Last # of DB Queries
-----------------------------------------  -----  ---------  --------  ----------  --------------  -------------------  ----------------------
/opt/airflow/dags/churn_prediction_dag.py                           0           1  1.67s           2024-12-29T07:19:41                       5
================================================================================
[2024-12-29T07:20:30.415+0000] {manager.py:997} INFO - 
================================================================================
DAG File Processing Stats

File Path                                  PID    Runtime      # DAGs    # Errors  Last Runtime    Last Run               Last # of DB Queries
-----------------------------------------  -----  ---------  --------  ----------  --------------  -------------------  ----------------------
/opt/airflow/dags/churn_prediction_dag.py                           0           1  1.64s           2024-12-29T07:20:13                       5
================================================================================
[2024-12-29T07:21:00.956+0000] {manager.py:997} INFO - 
================================================================================
DAG File Processing Stats

File Path                                  PID    Runtime      # DAGs    # Errors  Last Runtime    Last Run               Last # of DB Queries
-----------------------------------------  -----  ---------  --------  ----------  --------------  -------------------  ----------------------
/opt/airflow/dags/churn_prediction_dag.py                           0           1  1.53s           2024-12-29T07:20:45                       5
================================================================================
[2024-12-29T07:21:31.254+0000] {manager.py:997} INFO - 
================================================================================
DAG File Processing Stats

File Path                                  PID    Runtime      # DAGs    # Errors  Last Runtime    Last Run               Last # of DB Queries
-----------------------------------------  -----  ---------  --------  ----------  --------------  -------------------  ----------------------
/opt/airflow/dags/churn_prediction_dag.py                           0           1  1.51s           2024-12-29T07:21:16                       5
================================================================================
[2024-12-29T07:21:59.205+0000] {manager.py:821} INFO - Searching for files in /opt/airflow/dags
[2024-12-29T07:21:59.233+0000] {manager.py:824} INFO - There are 1 files in /opt/airflow/dags
[2024-12-29T07:22:01.255+0000] {manager.py:997} INFO - 
================================================================================
DAG File Processing Stats

File Path                                  PID    Runtime      # DAGs    # Errors  Last Runtime    Last Run               Last # of DB Queries
-----------------------------------------  -----  ---------  --------  ----------  --------------  -------------------  ----------------------
/opt/airflow/dags/churn_prediction_dag.py                           0           1  1.44s           2024-12-29T07:21:48                       5
================================================================================
[2024-12-29T07:22:31.425+0000] {manager.py:997} INFO - 
================================================================================
DAG File Processing Stats

File Path                                  PID    Runtime      # DAGs    # Errors  Last Runtime    Last Run               Last # of DB Queries
-----------------------------------------  -----  ---------  --------  ----------  --------------  -------------------  ----------------------
/opt/airflow/dags/churn_prediction_dag.py                           0           1  1.43s           2024-12-29T07:22:19                       5
================================================================================
[2024-12-29T07:23:02.008+0000] {manager.py:997} INFO - 
================================================================================
DAG File Processing Stats

File Path                                  PID    Runtime      # DAGs    # Errors  Last Runtime    Last Run               Last # of DB Queries
-----------------------------------------  -----  ---------  --------  ----------  --------------  -------------------  ----------------------
/opt/airflow/dags/churn_prediction_dag.py                           0           1  1.43s           2024-12-29T07:22:51                       5
================================================================================
[2024-12-29T07:23:32.015+0000] {manager.py:997} INFO - 
================================================================================
DAG File Processing Stats

File Path                                  PID    Runtime      # DAGs    # Errors  Last Runtime    Last Run               Last # of DB Queries
-----------------------------------------  -----  ---------  --------  ----------  --------------  -------------------  ----------------------
/opt/airflow/dags/churn_prediction_dag.py                           0           1  1.44s           2024-12-29T07:23:22                       5
================================================================================
[2024-12-29T07:24:02.184+0000] {manager.py:997} INFO - 
================================================================================
DAG File Processing Stats

File Path                                  PID    Runtime      # DAGs    # Errors  Last Runtime    Last Run               Last # of DB Queries
-----------------------------------------  -----  ---------  --------  ----------  --------------  -------------------  ----------------------
/opt/airflow/dags/churn_prediction_dag.py                           0           1  1.50s           2024-12-29T07:23:54                       5
================================================================================
[2024-12-29T07:24:05.688+0000] {manager.py:465} INFO - Exiting gracefully upon receiving signal 15
[2024-12-29T07:28:54.011+0000] {manager.py:483} INFO - Processing files using up to 2 processes at a time 
[2024-12-29T07:28:54.012+0000] {manager.py:484} INFO - Process each file at most once every 30 seconds
[2024-12-29T07:28:54.013+0000] {manager.py:485} INFO - Checking for new files in /opt/airflow/dags every 300 seconds
[2024-12-29T07:28:54.013+0000] {manager.py:821} INFO - Searching for files in /opt/airflow/dags
[2024-12-29T07:28:54.052+0000] {manager.py:824} INFO - There are 1 files in /opt/airflow/dags
[2024-12-29T07:28:54.152+0000] {manager.py:997} INFO - 
================================================================================
DAG File Processing Stats

File Path                                    PID  Runtime      # DAGs    # Errors  Last Runtime    Last Run      Last # of DB Queries
-----------------------------------------  -----  ---------  --------  ----------  --------------  ----------  ----------------------
/opt/airflow/dags/churn_prediction_dag.py     44  0.03s             0           0                                                   0
================================================================================
[2024-12-29T07:29:24.329+0000] {manager.py:997} INFO - 
================================================================================
DAG File Processing Stats

File Path                                  PID    Runtime      # DAGs    # Errors  Last Runtime    Last Run               Last # of DB Queries
-----------------------------------------  -----  ---------  --------  ----------  --------------  -------------------  ----------------------
/opt/airflow/dags/churn_prediction_dag.py                           1           0  5.51s           2024-12-29T07:28:59                      43
================================================================================
[2024-12-29T07:29:54.510+0000] {manager.py:997} INFO - 
================================================================================
DAG File Processing Stats

File Path                                  PID    Runtime      # DAGs    # Errors  Last Runtime    Last Run               Last # of DB Queries
-----------------------------------------  -----  ---------  --------  ----------  --------------  -------------------  ----------------------
/opt/airflow/dags/churn_prediction_dag.py                           1           0  2.79s           2024-12-29T07:29:32                      10
================================================================================
[2024-12-29T07:30:24.570+0000] {manager.py:997} INFO - 
================================================================================
DAG File Processing Stats

File Path                                  PID    Runtime      # DAGs    # Errors  Last Runtime    Last Run               Last # of DB Queries
-----------------------------------------  -----  ---------  --------  ----------  --------------  -------------------  ----------------------
/opt/airflow/dags/churn_prediction_dag.py                           1           0  2.71s           2024-12-29T07:30:05                      10
================================================================================
[2024-12-29T07:30:54.645+0000] {manager.py:997} INFO - 
================================================================================
DAG File Processing Stats

File Path                                  PID    Runtime      # DAGs    # Errors  Last Runtime    Last Run               Last # of DB Queries
-----------------------------------------  -----  ---------  --------  ----------  --------------  -------------------  ----------------------
/opt/airflow/dags/churn_prediction_dag.py                           1           0  2.91s           2024-12-29T07:30:38                      10
================================================================================
[2024-12-29T07:31:24.700+0000] {manager.py:997} INFO - 
================================================================================
DAG File Processing Stats

File Path                                  PID    Runtime      # DAGs    # Errors  Last Runtime    Last Run               Last # of DB Queries
-----------------------------------------  -----  ---------  --------  ----------  --------------  -------------------  ----------------------
/opt/airflow/dags/churn_prediction_dag.py                           1           0  2.88s           2024-12-29T07:31:11                      10
================================================================================
[2024-12-29T07:31:54.907+0000] {manager.py:997} INFO - 
================================================================================
DAG File Processing Stats

File Path                                  PID    Runtime      # DAGs    # Errors  Last Runtime    Last Run               Last # of DB Queries
-----------------------------------------  -----  ---------  --------  ----------  --------------  -------------------  ----------------------
/opt/airflow/dags/churn_prediction_dag.py                           1           0  3.13s           2024-12-29T07:31:44                      10
================================================================================
[2024-12-29T07:32:25.115+0000] {manager.py:997} INFO - 
================================================================================
DAG File Processing Stats

File Path                                  PID    Runtime      # DAGs    # Errors  Last Runtime    Last Run               Last # of DB Queries
-----------------------------------------  -----  ---------  --------  ----------  --------------  -------------------  ----------------------
/opt/airflow/dags/churn_prediction_dag.py                           1           0  3.03s           2024-12-29T07:32:18                      10
================================================================================
[2024-12-29T07:32:55.304+0000] {manager.py:997} INFO - 
================================================================================
DAG File Processing Stats

File Path                                  PID    Runtime      # DAGs    # Errors  Last Runtime    Last Run               Last # of DB Queries
-----------------------------------------  -----  ---------  --------  ----------  --------------  -------------------  ----------------------
/opt/airflow/dags/churn_prediction_dag.py                           1           0  2.75s           2024-12-29T07:32:51                      10
================================================================================
[2024-12-29T07:33:25.457+0000] {manager.py:997} INFO - 
================================================================================
DAG File Processing Stats

File Path                                  PID    Runtime      # DAGs    # Errors  Last Runtime    Last Run               Last # of DB Queries
-----------------------------------------  -----  ---------  --------  ----------  --------------  -------------------  ----------------------
/opt/airflow/dags/churn_prediction_dag.py                           1           0  2.64s           2024-12-29T07:33:23                      10
================================================================================
[2024-12-29T07:33:54.621+0000] {manager.py:821} INFO - Searching for files in /opt/airflow/dags
[2024-12-29T07:33:54.649+0000] {manager.py:824} INFO - There are 1 files in /opt/airflow/dags
[2024-12-29T07:33:55.670+0000] {manager.py:997} INFO - 
================================================================================
DAG File Processing Stats

File Path                                    PID  Runtime      # DAGs    # Errors  Last Runtime    Last Run               Last # of DB Queries
-----------------------------------------  -----  ---------  --------  ----------  --------------  -------------------  ----------------------
/opt/airflow/dags/churn_prediction_dag.py    320  1.66s             1           0  2.64s           2024-12-29T07:33:23                      10
================================================================================
[2024-12-29T07:34:25.870+0000] {manager.py:997} INFO - 
================================================================================
DAG File Processing Stats

File Path                                  PID    Runtime      # DAGs    # Errors  Last Runtime    Last Run               Last # of DB Queries
-----------------------------------------  -----  ---------  --------  ----------  --------------  -------------------  ----------------------
/opt/airflow/dags/churn_prediction_dag.py                           1           0  2.68s           2024-12-29T07:33:56                      10
================================================================================
[2024-12-29T07:34:56.005+0000] {manager.py:997} INFO - 
================================================================================
DAG File Processing Stats

File Path                                  PID    Runtime      # DAGs    # Errors  Last Runtime    Last Run               Last # of DB Queries
-----------------------------------------  -----  ---------  --------  ----------  --------------  -------------------  ----------------------
/opt/airflow/dags/churn_prediction_dag.py                           1           0  2.96s           2024-12-29T07:34:29                      10
================================================================================
[2024-12-29T07:35:26.183+0000] {manager.py:997} INFO - 
================================================================================
DAG File Processing Stats

File Path                                  PID    Runtime      # DAGs    # Errors  Last Runtime    Last Run               Last # of DB Queries
-----------------------------------------  -----  ---------  --------  ----------  --------------  -------------------  ----------------------
/opt/airflow/dags/churn_prediction_dag.py                           1           0  2.72s           2024-12-29T07:35:02                      10
================================================================================
[2024-12-29T07:35:56.341+0000] {manager.py:997} INFO - 
================================================================================
DAG File Processing Stats

File Path                                  PID    Runtime      # DAGs    # Errors  Last Runtime    Last Run               Last # of DB Queries
-----------------------------------------  -----  ---------  --------  ----------  --------------  -------------------  ----------------------
/opt/airflow/dags/churn_prediction_dag.py                           1           0  2.54s           2024-12-29T07:35:35                      10
================================================================================
[2024-12-29T07:36:26.465+0000] {manager.py:997} INFO - 
================================================================================
DAG File Processing Stats

File Path                                  PID    Runtime      # DAGs    # Errors  Last Runtime    Last Run               Last # of DB Queries
-----------------------------------------  -----  ---------  --------  ----------  --------------  -------------------  ----------------------
/opt/airflow/dags/churn_prediction_dag.py                           1           0  2.73s           2024-12-29T07:36:08                      10
================================================================================
[2024-12-29T07:36:56.897+0000] {manager.py:997} INFO - 
================================================================================
DAG File Processing Stats

File Path                                  PID    Runtime      # DAGs    # Errors  Last Runtime    Last Run               Last # of DB Queries
-----------------------------------------  -----  ---------  --------  ----------  --------------  -------------------  ----------------------
/opt/airflow/dags/churn_prediction_dag.py                           1           0  2.61s           2024-12-29T07:36:41                      10
================================================================================
[2024-12-29T07:37:26.948+0000] {manager.py:997} INFO - 
================================================================================
DAG File Processing Stats

File Path                                  PID    Runtime      # DAGs    # Errors  Last Runtime    Last Run               Last # of DB Queries
-----------------------------------------  -----  ---------  --------  ----------  --------------  -------------------  ----------------------
/opt/airflow/dags/churn_prediction_dag.py                           1           0  2.57s           2024-12-29T07:37:13                      10
================================================================================
[2024-12-29T07:37:57.110+0000] {manager.py:997} INFO - 
================================================================================
DAG File Processing Stats

File Path                                  PID    Runtime      # DAGs    # Errors  Last Runtime    Last Run               Last # of DB Queries
-----------------------------------------  -----  ---------  --------  ----------  --------------  -------------------  ----------------------
/opt/airflow/dags/churn_prediction_dag.py                           1           0  2.48s           2024-12-29T07:37:46                      10
================================================================================
[2024-12-29T07:38:27.173+0000] {manager.py:997} INFO - 
================================================================================
DAG File Processing Stats

File Path                                  PID    Runtime      # DAGs    # Errors  Last Runtime    Last Run               Last # of DB Queries
-----------------------------------------  -----  ---------  --------  ----------  --------------  -------------------  ----------------------
/opt/airflow/dags/churn_prediction_dag.py                           1           0  2.46s           2024-12-29T07:38:19                      10
================================================================================
[2024-12-29T07:38:54.788+0000] {manager.py:821} INFO - Searching for files in /opt/airflow/dags
[2024-12-29T07:38:54.809+0000] {manager.py:824} INFO - There are 1 files in /opt/airflow/dags
[2024-12-29T07:38:57.331+0000] {manager.py:997} INFO - 
================================================================================
DAG File Processing Stats

File Path                                  PID    Runtime      # DAGs    # Errors  Last Runtime    Last Run               Last # of DB Queries
-----------------------------------------  -----  ---------  --------  ----------  --------------  -------------------  ----------------------
/opt/airflow/dags/churn_prediction_dag.py                           1           0  2.49s           2024-12-29T07:38:51                      10
================================================================================
[2024-12-29T07:39:27.482+0000] {manager.py:997} INFO - 
================================================================================
DAG File Processing Stats

File Path                                  PID    Runtime      # DAGs    # Errors  Last Runtime    Last Run               Last # of DB Queries
-----------------------------------------  -----  ---------  --------  ----------  --------------  -------------------  ----------------------
/opt/airflow/dags/churn_prediction_dag.py                           1           0  2.50s           2024-12-29T07:39:24                      10
================================================================================
[2024-12-29T07:39:57.653+0000] {manager.py:997} INFO - 
================================================================================
DAG File Processing Stats

File Path                                  PID    Runtime      # DAGs    # Errors  Last Runtime    Last Run               Last # of DB Queries
-----------------------------------------  -----  ---------  --------  ----------  --------------  -------------------  ----------------------
/opt/airflow/dags/churn_prediction_dag.py                           1           0  2.47s           2024-12-29T07:39:57                      10
================================================================================
[2024-12-29T07:40:27.813+0000] {manager.py:997} INFO - 
================================================================================
DAG File Processing Stats

File Path                                    PID  Runtime      # DAGs    # Errors  Last Runtime    Last Run               Last # of DB Queries
-----------------------------------------  -----  ---------  --------  ----------  --------------  -------------------  ----------------------
/opt/airflow/dags/churn_prediction_dag.py    771  0.55s             1           0  2.47s           2024-12-29T07:39:57                      10
================================================================================
[2024-12-29T07:40:57.953+0000] {manager.py:997} INFO - 
================================================================================
DAG File Processing Stats

File Path                                  PID    Runtime      # DAGs    # Errors  Last Runtime    Last Run               Last # of DB Queries
-----------------------------------------  -----  ---------  --------  ----------  --------------  -------------------  ----------------------
/opt/airflow/dags/churn_prediction_dag.py                           1           0  2.54s           2024-12-29T07:40:29                      10
================================================================================
[2024-12-29T07:41:28.121+0000] {manager.py:997} INFO - 
================================================================================
DAG File Processing Stats

File Path                                  PID    Runtime      # DAGs    # Errors  Last Runtime    Last Run               Last # of DB Queries
-----------------------------------------  -----  ---------  --------  ----------  --------------  -------------------  ----------------------
/opt/airflow/dags/churn_prediction_dag.py                           1           0  2.46s           2024-12-29T07:41:02                      10
================================================================================
[2024-12-29T07:41:58.300+0000] {manager.py:997} INFO - 
================================================================================
DAG File Processing Stats

File Path                                  PID    Runtime      # DAGs    # Errors  Last Runtime    Last Run               Last # of DB Queries
-----------------------------------------  -----  ---------  --------  ----------  --------------  -------------------  ----------------------
/opt/airflow/dags/churn_prediction_dag.py                           1           0  2.71s           2024-12-29T07:41:35                      10
================================================================================
[2024-12-29T07:42:28.584+0000] {manager.py:997} INFO - 
================================================================================
DAG File Processing Stats

File Path                                  PID    Runtime      # DAGs    # Errors  Last Runtime    Last Run               Last # of DB Queries
-----------------------------------------  -----  ---------  --------  ----------  --------------  -------------------  ----------------------
/opt/airflow/dags/churn_prediction_dag.py                           1           0  2.51s           2024-12-29T07:42:07                      10
================================================================================
[2024-12-29T07:42:58.634+0000] {manager.py:997} INFO - 
================================================================================
DAG File Processing Stats

File Path                                  PID    Runtime      # DAGs    # Errors  Last Runtime    Last Run               Last # of DB Queries
-----------------------------------------  -----  ---------  --------  ----------  --------------  -------------------  ----------------------
/opt/airflow/dags/churn_prediction_dag.py                           1           0  2.52s           2024-12-29T07:42:40                      10
================================================================================
[2024-12-29T07:43:29.302+0000] {manager.py:997} INFO - 
================================================================================
DAG File Processing Stats

File Path                                  PID    Runtime      # DAGs    # Errors  Last Runtime    Last Run               Last # of DB Queries
-----------------------------------------  -----  ---------  --------  ----------  --------------  -------------------  ----------------------
/opt/airflow/dags/churn_prediction_dag.py                           1           0  2.54s           2024-12-29T07:43:13                      10
================================================================================
[2024-12-29T07:43:55.063+0000] {manager.py:821} INFO - Searching for files in /opt/airflow/dags
[2024-12-29T07:43:55.088+0000] {manager.py:824} INFO - There are 1 files in /opt/airflow/dags
[2024-12-29T07:43:59.487+0000] {manager.py:997} INFO - 
================================================================================
DAG File Processing Stats

File Path                                  PID    Runtime      # DAGs    # Errors  Last Runtime    Last Run               Last # of DB Queries
-----------------------------------------  -----  ---------  --------  ----------  --------------  -------------------  ----------------------
/opt/airflow/dags/churn_prediction_dag.py                           1           0  2.61s           2024-12-29T07:43:46                      10
================================================================================
[2024-12-29T07:44:29.654+0000] {manager.py:997} INFO - 
================================================================================
DAG File Processing Stats

File Path                                  PID    Runtime      # DAGs    # Errors  Last Runtime    Last Run               Last # of DB Queries
-----------------------------------------  -----  ---------  --------  ----------  --------------  -------------------  ----------------------
/opt/airflow/dags/churn_prediction_dag.py                           1           0  2.62s           2024-12-29T07:44:18                      10
================================================================================
[2024-12-29T07:45:00.073+0000] {manager.py:997} INFO - 
================================================================================
DAG File Processing Stats

File Path                                  PID    Runtime      # DAGs    # Errors  Last Runtime    Last Run               Last # of DB Queries
-----------------------------------------  -----  ---------  --------  ----------  --------------  -------------------  ----------------------
/opt/airflow/dags/churn_prediction_dag.py                           1           0  2.57s           2024-12-29T07:44:51                      10
================================================================================
[2024-12-29T07:45:30.239+0000] {manager.py:997} INFO - 
================================================================================
DAG File Processing Stats

File Path                                  PID    Runtime      # DAGs    # Errors  Last Runtime    Last Run               Last # of DB Queries
-----------------------------------------  -----  ---------  --------  ----------  --------------  -------------------  ----------------------
/opt/airflow/dags/churn_prediction_dag.py                           1           0  2.58s           2024-12-29T07:45:24                      10
================================================================================
[2024-12-29T07:46:00.534+0000] {manager.py:997} INFO - 
================================================================================
DAG File Processing Stats

File Path                                  PID    Runtime      # DAGs    # Errors  Last Runtime    Last Run               Last # of DB Queries
-----------------------------------------  -----  ---------  --------  ----------  --------------  -------------------  ----------------------
/opt/airflow/dags/churn_prediction_dag.py                           1           0  2.48s           2024-12-29T07:45:56                      10
================================================================================
[2024-12-29T07:46:30.548+0000] {manager.py:997} INFO - 
================================================================================
DAG File Processing Stats

File Path                                  PID    Runtime      # DAGs    # Errors  Last Runtime    Last Run               Last # of DB Queries
-----------------------------------------  -----  ---------  --------  ----------  --------------  -------------------  ----------------------
/opt/airflow/dags/churn_prediction_dag.py                           1           0  2.51s           2024-12-29T07:46:29                      10
================================================================================
[2024-12-29T07:47:00.710+0000] {manager.py:997} INFO - 
================================================================================
DAG File Processing Stats

File Path                                    PID  Runtime      # DAGs    # Errors  Last Runtime    Last Run               Last # of DB Queries
-----------------------------------------  -----  ---------  --------  ----------  --------------  -------------------  ----------------------
/opt/airflow/dags/churn_prediction_dag.py   1071  1.01s             1           0  2.51s           2024-12-29T07:46:29                      10
================================================================================
[2024-12-29T07:47:20.293+0000] {manager.py:465} INFO - Exiting gracefully upon receiving signal 15
[2024-12-29T07:48:18.085+0000] {manager.py:483} INFO - Processing files using up to 2 processes at a time 
[2024-12-29T07:48:18.086+0000] {manager.py:484} INFO - Process each file at most once every 30 seconds
[2024-12-29T07:48:18.087+0000] {manager.py:485} INFO - Checking for new files in /opt/airflow/dags every 300 seconds
[2024-12-29T07:48:18.087+0000] {manager.py:821} INFO - Searching for files in /opt/airflow/dags
[2024-12-29T07:48:18.117+0000] {manager.py:824} INFO - There are 1 files in /opt/airflow/dags
[2024-12-29T07:48:18.199+0000] {manager.py:997} INFO - 
================================================================================
DAG File Processing Stats

File Path                                    PID  Runtime      # DAGs    # Errors  Last Runtime    Last Run      Last # of DB Queries
-----------------------------------------  -----  ---------  --------  ----------  --------------  ----------  ----------------------
/opt/airflow/dags/churn_prediction_dag.py     44  0.03s             0           0                                                   0
================================================================================
[2024-12-29T07:48:48.369+0000] {manager.py:997} INFO - 
================================================================================
DAG File Processing Stats

File Path                                  PID    Runtime      # DAGs    # Errors  Last Runtime    Last Run               Last # of DB Queries
-----------------------------------------  -----  ---------  --------  ----------  --------------  -------------------  ----------------------
/opt/airflow/dags/churn_prediction_dag.py                           1           0  4.14s           2024-12-29T07:48:22                      43
================================================================================
[2024-12-29T07:49:18.598+0000] {manager.py:997} INFO - 
================================================================================
DAG File Processing Stats

File Path                                  PID    Runtime      # DAGs    # Errors  Last Runtime    Last Run               Last # of DB Queries
-----------------------------------------  -----  ---------  --------  ----------  --------------  -------------------  ----------------------
/opt/airflow/dags/churn_prediction_dag.py                           1           0  2.66s           2024-12-29T07:48:55                      10
================================================================================
[2024-12-29T07:49:48.762+0000] {manager.py:997} INFO - 
================================================================================
DAG File Processing Stats

File Path                                  PID    Runtime      # DAGs    # Errors  Last Runtime    Last Run               Last # of DB Queries
-----------------------------------------  -----  ---------  --------  ----------  --------------  -------------------  ----------------------
/opt/airflow/dags/churn_prediction_dag.py                           1           0  2.65s           2024-12-29T07:49:27                      10
================================================================================
[2024-12-29T07:50:18.786+0000] {manager.py:997} INFO - 
================================================================================
DAG File Processing Stats

File Path                                  PID    Runtime      # DAGs    # Errors  Last Runtime    Last Run               Last # of DB Queries
-----------------------------------------  -----  ---------  --------  ----------  --------------  -------------------  ----------------------
/opt/airflow/dags/churn_prediction_dag.py                           1           0  2.65s           2024-12-29T07:50:00                      10
================================================================================
[2024-12-29T07:50:49.299+0000] {manager.py:997} INFO - 
================================================================================
DAG File Processing Stats

File Path                                  PID    Runtime      # DAGs    # Errors  Last Runtime    Last Run               Last # of DB Queries
-----------------------------------------  -----  ---------  --------  ----------  --------------  -------------------  ----------------------
/opt/airflow/dags/churn_prediction_dag.py                           1           0  2.57s           2024-12-29T07:50:33                      10
================================================================================
[2024-12-29T07:51:19.663+0000] {manager.py:997} INFO - 
================================================================================
DAG File Processing Stats

File Path                                  PID    Runtime      # DAGs    # Errors  Last Runtime    Last Run               Last # of DB Queries
-----------------------------------------  -----  ---------  --------  ----------  --------------  -------------------  ----------------------
/opt/airflow/dags/churn_prediction_dag.py                           1           0  2.58s           2024-12-29T07:51:06                      10
================================================================================
[2024-12-29T07:51:49.817+0000] {manager.py:997} INFO - 
================================================================================
DAG File Processing Stats

File Path                                  PID    Runtime      # DAGs    # Errors  Last Runtime    Last Run               Last # of DB Queries
-----------------------------------------  -----  ---------  --------  ----------  --------------  -------------------  ----------------------
/opt/airflow/dags/churn_prediction_dag.py                           1           0  2.61s           2024-12-29T07:51:38                      10
================================================================================
[2024-12-29T07:52:20.135+0000] {manager.py:997} INFO - 
================================================================================
DAG File Processing Stats

File Path                                  PID    Runtime      # DAGs    # Errors  Last Runtime    Last Run               Last # of DB Queries
-----------------------------------------  -----  ---------  --------  ----------  --------------  -------------------  ----------------------
/opt/airflow/dags/churn_prediction_dag.py                           1           0  2.56s           2024-12-29T07:52:11                      10
================================================================================
[2024-12-29T07:52:37.081+0000] {manager.py:465} INFO - Exiting gracefully upon receiving signal 15
[2024-12-29T08:48:26.176+0000] {manager.py:483} INFO - Processing files using up to 2 processes at a time 
[2024-12-29T08:48:26.177+0000] {manager.py:484} INFO - Process each file at most once every 30 seconds
[2024-12-29T08:48:26.177+0000] {manager.py:485} INFO - Checking for new files in /opt/airflow/dags every 300 seconds
[2024-12-29T08:48:26.178+0000] {manager.py:821} INFO - Searching for files in /opt/airflow/dags
[2024-12-29T08:48:26.207+0000] {manager.py:824} INFO - There are 1 files in /opt/airflow/dags
[2024-12-29T08:48:26.284+0000] {manager.py:997} INFO - 
================================================================================
DAG File Processing Stats

File Path                                    PID  Runtime      # DAGs    # Errors  Last Runtime    Last Run      Last # of DB Queries
-----------------------------------------  -----  ---------  --------  ----------  --------------  ----------  ----------------------
/opt/airflow/dags/churn_prediction_dag.py     44  0.02s             0           0                                                   0
================================================================================
[2024-12-29T08:48:56.490+0000] {manager.py:997} INFO - 
================================================================================
DAG File Processing Stats

File Path                                  PID    Runtime      # DAGs    # Errors  Last Runtime    Last Run               Last # of DB Queries
-----------------------------------------  -----  ---------  --------  ----------  --------------  -------------------  ----------------------
/opt/airflow/dags/churn_prediction_dag.py                           1           0  4.30s           2024-12-29T08:48:30                      39
================================================================================
[2024-12-29T08:49:26.686+0000] {manager.py:997} INFO - 
================================================================================
DAG File Processing Stats

File Path                                  PID    Runtime      # DAGs    # Errors  Last Runtime    Last Run               Last # of DB Queries
-----------------------------------------  -----  ---------  --------  ----------  --------------  -------------------  ----------------------
/opt/airflow/dags/churn_prediction_dag.py                           1           0  2.84s           2024-12-29T08:49:03                      10
================================================================================
[2024-12-29T08:49:56.872+0000] {manager.py:997} INFO - 
================================================================================
DAG File Processing Stats

File Path                                  PID    Runtime      # DAGs    # Errors  Last Runtime    Last Run               Last # of DB Queries
-----------------------------------------  -----  ---------  --------  ----------  --------------  -------------------  ----------------------
/opt/airflow/dags/churn_prediction_dag.py                           1           0  2.82s           2024-12-29T08:49:36                      10
================================================================================
[2024-12-29T08:50:27.039+0000] {manager.py:997} INFO - 
================================================================================
DAG File Processing Stats

File Path                                  PID    Runtime      # DAGs    # Errors  Last Runtime    Last Run               Last # of DB Queries
-----------------------------------------  -----  ---------  --------  ----------  --------------  -------------------  ----------------------
/opt/airflow/dags/churn_prediction_dag.py                           1           0  2.76s           2024-12-29T08:50:09                      10
================================================================================
[2024-12-29T08:50:57.203+0000] {manager.py:997} INFO - 
================================================================================
DAG File Processing Stats

File Path                                  PID    Runtime      # DAGs    # Errors  Last Runtime    Last Run               Last # of DB Queries
-----------------------------------------  -----  ---------  --------  ----------  --------------  -------------------  ----------------------
/opt/airflow/dags/churn_prediction_dag.py                           1           0  2.68s           2024-12-29T08:50:42                      10
================================================================================
[2024-12-29T08:51:27.403+0000] {manager.py:997} INFO - 
================================================================================
DAG File Processing Stats

File Path                                  PID    Runtime      # DAGs    # Errors  Last Runtime    Last Run               Last # of DB Queries
-----------------------------------------  -----  ---------  --------  ----------  --------------  -------------------  ----------------------
/opt/airflow/dags/churn_prediction_dag.py                           1           0  2.95s           2024-12-29T08:51:15                      10
================================================================================
[2024-12-29T08:51:57.538+0000] {manager.py:997} INFO - 
================================================================================
DAG File Processing Stats

File Path                                  PID    Runtime      # DAGs    # Errors  Last Runtime    Last Run               Last # of DB Queries
-----------------------------------------  -----  ---------  --------  ----------  --------------  -------------------  ----------------------
/opt/airflow/dags/churn_prediction_dag.py                           1           0  2.96s           2024-12-29T08:51:48                      10
================================================================================
[2024-12-29T08:52:27.862+0000] {manager.py:997} INFO - 
================================================================================
DAG File Processing Stats

File Path                                  PID    Runtime      # DAGs    # Errors  Last Runtime    Last Run               Last # of DB Queries
-----------------------------------------  -----  ---------  --------  ----------  --------------  -------------------  ----------------------
/opt/airflow/dags/churn_prediction_dag.py                           1           0  2.77s           2024-12-29T08:52:21                      10
================================================================================
[2024-12-29T08:52:47.362+0000] {manager.py:465} INFO - Exiting gracefully upon receiving signal 15
