[2024-12-26 19:35:31,133] - matplotlib - DEBUG - matplotlib data path: C:\Users\Daniy\Telco Customer Churn Prediction\venv\Lib\site-packages\matplotlib\mpl-data
[2024-12-26 19:35:31,138] - matplotlib - DEBUG - CONFIGDIR=C:\Users\Daniy\.matplotlib
[2024-12-26 19:35:31,139] - matplotlib - DEBUG - interactive is False
[2024-12-26 19:35:31,139] - matplotlib - DEBUG - platform is win32
[2024-12-26 19:35:31,162] - graphviz._tools - DEBUG - deprecate positional args: graphviz.backend.piping.pipe(['renderer', 'formatter', 'neato_no_op', 'quiet'])
[2024-12-26 19:35:31,163] - graphviz._tools - DEBUG - deprecate positional args: graphviz.backend.rendering.render(['renderer', 'formatter', 'neato_no_op', 'quiet'])
[2024-12-26 19:35:31,164] - graphviz._tools - DEBUG - deprecate positional args: graphviz.backend.unflattening.unflatten(['stagger', 'fanout', 'chain', 'encoding'])
[2024-12-26 19:35:31,165] - graphviz._tools - DEBUG - deprecate positional args: graphviz.backend.viewing.view(['quiet'])
[2024-12-26 19:35:31,168] - graphviz._tools - DEBUG - deprecate positional args: graphviz.quoting.quote(['is_html_string', 'is_valid_id', 'dot_keywords', 'endswith_odd_number_of_backslashes', 'escape_unescaped_quotes'])
[2024-12-26 19:35:31,169] - graphviz._tools - DEBUG - deprecate positional args: graphviz.quoting.a_list(['kwargs', 'attributes'])
[2024-12-26 19:35:31,169] - graphviz._tools - DEBUG - deprecate positional args: graphviz.quoting.attr_list(['kwargs', 'attributes'])
[2024-12-26 19:35:31,169] - graphviz._tools - DEBUG - deprecate positional args: graphviz.dot.Dot.clear(['keep_attrs'])
[2024-12-26 19:35:31,169] - graphviz._tools - DEBUG - deprecate positional args: graphviz.dot.Dot.__iter__(['subgraph'])
[2024-12-26 19:35:31,169] - graphviz._tools - DEBUG - deprecate positional args: graphviz.dot.Dot.node(['_attributes'])
[2024-12-26 19:35:31,169] - graphviz._tools - DEBUG - deprecate positional args: graphviz.dot.Dot.edge(['_attributes'])
[2024-12-26 19:35:31,169] - graphviz._tools - DEBUG - deprecate positional args: graphviz.dot.Dot.attr(['_attributes'])
[2024-12-26 19:35:31,169] - graphviz._tools - DEBUG - deprecate positional args: graphviz.dot.Dot.subgraph(['name', 'comment', 'graph_attr', 'node_attr', 'edge_attr', 'body'])
[2024-12-26 19:35:31,170] - graphviz._tools - DEBUG - deprecate positional args: graphviz.piping.Pipe._pipe_legacy(['renderer', 'formatter', 'neato_no_op', 'quiet'])
[2024-12-26 19:35:31,172] - graphviz._tools - DEBUG - deprecate positional args: graphviz.saving.Save.save(['directory'])
[2024-12-26 19:35:31,172] - graphviz._tools - DEBUG - deprecate positional args: graphviz.rendering.Render.render(['directory', 'view', 'cleanup', 'format', 'renderer', 'formatter', 'neato_no_op', 'quiet', 'quiet_view'])
[2024-12-26 19:35:31,172] - graphviz._tools - DEBUG - deprecate positional args: graphviz.rendering.Render.view(['directory', 'cleanup', 'quiet', 'quiet_view'])
[2024-12-26 19:35:31,173] - graphviz._tools - DEBUG - deprecate positional args: graphviz.unflattening.Unflatten.unflatten(['stagger', 'fanout', 'chain'])
[2024-12-26 19:35:31,173] - graphviz._tools - DEBUG - deprecate positional args: graphviz.graphs.BaseGraph.__init__(['comment', 'filename', 'directory', 'format', 'engine', 'encoding', 'graph_attr', 'node_attr', 'edge_attr', 'body', 'strict'])
[2024-12-26 19:35:31,174] - graphviz._tools - DEBUG - deprecate positional args: graphviz.sources.Source.from_file(['directory', 'format', 'engine', 'encoding', 'renderer', 'formatter'])
[2024-12-26 19:35:31,174] - graphviz._tools - DEBUG - deprecate positional args: graphviz.sources.Source.__init__(['filename', 'directory', 'format', 'engine', 'encoding'])
[2024-12-26 19:35:31,174] - graphviz._tools - DEBUG - deprecate positional args: graphviz.sources.Source.save(['directory'])
[2024-12-26 19:35:32,702] - root - INFO - Initiating ingestion of data
[2024-12-26 19:35:32,757] - root - INFO - Train and Test data split done
[2024-12-26 19:35:32,758] - root - INFO - Exited split_data_as_train_test method of Data_Ingestion class
[2024-12-26 19:35:32,758] - root - INFO - exporting created for train and test data to filepath
[2024-12-26 19:35:32,793] - root - INFO - exported train and test data to filepath
[2024-12-26 19:35:32,793] - root - INFO - Data ingestion done
[2024-12-26 19:35:32,796] - root - INFO - Initiating validation of data
[2024-12-26 19:35:32,796] - root - INFO - Initiating data validation
[2024-12-26 19:35:32,828] - root - INFO - Required number of columns in the schema:21
[2024-12-26 19:35:32,828] - root - INFO - Dataframe has columns:21
[2024-12-26 19:35:32,828] - root - INFO - Number of columns in the dataframe matches the schema
[2024-12-26 19:35:32,828] - root - INFO - Required number of columns in the schema:21
[2024-12-26 19:35:32,828] - root - INFO - Dataframe has columns:21
[2024-12-26 19:35:32,828] - root - INFO - Number of columns in the dataframe matches the schema
[2024-12-26 19:35:33,016] - root - INFO - Data validation done
[2024-12-26 19:35:33,016] - root - INFO - Initiating transformation of data
[2024-12-26 19:35:33,016] - root - INFO - Entered initiate_data_transformation method of DataTransformation class
[2024-12-26 19:35:33,016] - root - INFO - Starting data transformation
[2024-12-26 19:35:33,059] - root - INFO - Entered get_data_transformer_object method of DataTransformation class
[2024-12-26 19:35:33,059] - root - INFO - Initialized transformation pipeline successfully.
[2024-12-26 19:35:33,896] - root - INFO - Entered the save_object method of MainUtils class
[2024-12-26 19:35:33,897] - root - INFO - Exited the save_object method of MainUtils class
[2024-12-26 19:35:33,898] - root - INFO - Data transformation done
[2024-12-26 19:35:33,898] - root - INFO - Model training started
[2024-12-26 19:35:35,171] - git.cmd - DEBUG - Popen(['git', 'version'], cwd=C:\Users\Daniy\Telco Customer Churn Prediction, stdin=None, shell=False, universal_newlines=False)
[2024-12-26 19:35:35,204] - git.cmd - DEBUG - Popen(['git', 'version'], cwd=C:\Users\Daniy\Telco Customer Churn Prediction, stdin=None, shell=False, universal_newlines=False)
[2024-12-26 19:35:35,235] - git.cmd - DEBUG - Popen(['git', 'check-ignore', 'C:\\Users\\Daniy\\Telco Customer Churn Prediction'], cwd=C:\Users\Daniy\Telco Customer Churn Prediction, stdin=None, shell=False, universal_newlines=False)
[2024-12-26 19:35:35,268] - git.cmd - DEBUG - Popen(['git', 'cat-file', '--batch-check'], cwd=C:\Users\Daniy\Telco Customer Churn Prediction, stdin=<valid stream>, shell=False, universal_newlines=False)
[2024-12-26 19:35:39,664] - root - INFO - Entered the save_object method of MainUtils class
[2024-12-26 19:35:39,664] - root - INFO - Exited the save_object method of MainUtils class
[2024-12-26 19:35:57,938] - root - INFO - Entered the save_object method of MainUtils class
[2024-12-26 19:35:57,942] - root - INFO - Exited the save_object method of MainUtils class
[2024-12-26 19:38:51,449] - root - INFO - Entered the save_object method of MainUtils class
[2024-12-26 19:38:51,454] - root - INFO - Exited the save_object method of MainUtils class
[2024-12-26 19:38:59,453] - root - INFO - Entered the save_object method of MainUtils class
[2024-12-26 19:38:59,458] - root - INFO - Exited the save_object method of MainUtils class
