[2024-12-27 17:05:20,805] - matplotlib - DEBUG - matplotlib data path: C:\Users\Daniy\Telco Customer Churn Prediction\venv\Lib\site-packages\matplotlib\mpl-data
[2024-12-27 17:05:20,809] - matplotlib - DEBUG - CONFIGDIR=C:\Users\Daniy\.matplotlib
[2024-12-27 17:05:20,811] - matplotlib - DEBUG - interactive is False
[2024-12-27 17:05:20,811] - matplotlib - DEBUG - platform is win32
[2024-12-27 17:05:20,833] - graphviz._tools - DEBUG - deprecate positional args: graphviz.backend.piping.pipe(['renderer', 'formatter', 'neato_no_op', 'quiet'])
[2024-12-27 17:05:20,834] - graphviz._tools - DEBUG - deprecate positional args: graphviz.backend.rendering.render(['renderer', 'formatter', 'neato_no_op', 'quiet'])
[2024-12-27 17:05:20,836] - graphviz._tools - DEBUG - deprecate positional args: graphviz.backend.unflattening.unflatten(['stagger', 'fanout', 'chain', 'encoding'])
[2024-12-27 17:05:20,836] - graphviz._tools - DEBUG - deprecate positional args: graphviz.backend.viewing.view(['quiet'])
[2024-12-27 17:05:20,840] - graphviz._tools - DEBUG - deprecate positional args: graphviz.quoting.quote(['is_html_string', 'is_valid_id', 'dot_keywords', 'endswith_odd_number_of_backslashes', 'escape_unescaped_quotes'])
[2024-12-27 17:05:20,840] - graphviz._tools - DEBUG - deprecate positional args: graphviz.quoting.a_list(['kwargs', 'attributes'])
[2024-12-27 17:05:20,840] - graphviz._tools - DEBUG - deprecate positional args: graphviz.quoting.attr_list(['kwargs', 'attributes'])
[2024-12-27 17:05:20,840] - graphviz._tools - DEBUG - deprecate positional args: graphviz.dot.Dot.clear(['keep_attrs'])
[2024-12-27 17:05:20,840] - graphviz._tools - DEBUG - deprecate positional args: graphviz.dot.Dot.__iter__(['subgraph'])
[2024-12-27 17:05:20,840] - graphviz._tools - DEBUG - deprecate positional args: graphviz.dot.Dot.node(['_attributes'])
[2024-12-27 17:05:20,840] - graphviz._tools - DEBUG - deprecate positional args: graphviz.dot.Dot.edge(['_attributes'])
[2024-12-27 17:05:20,840] - graphviz._tools - DEBUG - deprecate positional args: graphviz.dot.Dot.attr(['_attributes'])
[2024-12-27 17:05:20,840] - graphviz._tools - DEBUG - deprecate positional args: graphviz.dot.Dot.subgraph(['name', 'comment', 'graph_attr', 'node_attr', 'edge_attr', 'body'])
[2024-12-27 17:05:20,841] - graphviz._tools - DEBUG - deprecate positional args: graphviz.piping.Pipe._pipe_legacy(['renderer', 'formatter', 'neato_no_op', 'quiet'])
[2024-12-27 17:05:20,843] - graphviz._tools - DEBUG - deprecate positional args: graphviz.saving.Save.save(['directory'])
[2024-12-27 17:05:20,843] - graphviz._tools - DEBUG - deprecate positional args: graphviz.rendering.Render.render(['directory', 'view', 'cleanup', 'format', 'renderer', 'formatter', 'neato_no_op', 'quiet', 'quiet_view'])
[2024-12-27 17:05:20,843] - graphviz._tools - DEBUG - deprecate positional args: graphviz.rendering.Render.view(['directory', 'cleanup', 'quiet', 'quiet_view'])
[2024-12-27 17:05:20,843] - graphviz._tools - DEBUG - deprecate positional args: graphviz.unflattening.Unflatten.unflatten(['stagger', 'fanout', 'chain'])
[2024-12-27 17:05:20,844] - graphviz._tools - DEBUG - deprecate positional args: graphviz.graphs.BaseGraph.__init__(['comment', 'filename', 'directory', 'format', 'engine', 'encoding', 'graph_attr', 'node_attr', 'edge_attr', 'body', 'strict'])
[2024-12-27 17:05:20,844] - graphviz._tools - DEBUG - deprecate positional args: graphviz.sources.Source.from_file(['directory', 'format', 'engine', 'encoding', 'renderer', 'formatter'])
[2024-12-27 17:05:20,844] - graphviz._tools - DEBUG - deprecate positional args: graphviz.sources.Source.__init__(['filename', 'directory', 'format', 'engine', 'encoding'])
[2024-12-27 17:05:20,844] - graphviz._tools - DEBUG - deprecate positional args: graphviz.sources.Source.save(['directory'])
