[2024-12-27 17:13:28,054] - matplotlib - DEBUG - matplotlib data path: C:\Users\Daniy\Telco Customer Churn Prediction\venv\Lib\site-packages\matplotlib\mpl-data
[2024-12-27 17:13:28,059] - matplotlib - DEBUG - CONFIGDIR=C:\Users\Daniy\.matplotlib
[2024-12-27 17:13:28,060] - matplotlib - DEBUG - interactive is False
[2024-12-27 17:13:28,060] - matplotlib - DEBUG - platform is win32
[2024-12-27 17:13:28,084] - graphviz._tools - DEBUG - deprecate positional args: graphviz.backend.piping.pipe(['renderer', 'formatter', 'neato_no_op', 'quiet'])
[2024-12-27 17:13:28,085] - graphviz._tools - DEBUG - deprecate positional args: graphviz.backend.rendering.render(['renderer', 'formatter', 'neato_no_op', 'quiet'])
[2024-12-27 17:13:28,086] - graphviz._tools - DEBUG - deprecate positional args: graphviz.backend.unflattening.unflatten(['stagger', 'fanout', 'chain', 'encoding'])
[2024-12-27 17:13:28,087] - graphviz._tools - DEBUG - deprecate positional args: graphviz.backend.viewing.view(['quiet'])
[2024-12-27 17:13:28,090] - graphviz._tools - DEBUG - deprecate positional args: graphviz.quoting.quote(['is_html_string', 'is_valid_id', 'dot_keywords', 'endswith_odd_number_of_backslashes', 'escape_unescaped_quotes'])
[2024-12-27 17:13:28,090] - graphviz._tools - DEBUG - deprecate positional args: graphviz.quoting.a_list(['kwargs', 'attributes'])
[2024-12-27 17:13:28,091] - graphviz._tools - DEBUG - deprecate positional args: graphviz.quoting.attr_list(['kwargs', 'attributes'])
[2024-12-27 17:13:28,091] - graphviz._tools - DEBUG - deprecate positional args: graphviz.dot.Dot.clear(['keep_attrs'])
[2024-12-27 17:13:28,091] - graphviz._tools - DEBUG - deprecate positional args: graphviz.dot.Dot.__iter__(['subgraph'])
[2024-12-27 17:13:28,091] - graphviz._tools - DEBUG - deprecate positional args: graphviz.dot.Dot.node(['_attributes'])
[2024-12-27 17:13:28,091] - graphviz._tools - DEBUG - deprecate positional args: graphviz.dot.Dot.edge(['_attributes'])
[2024-12-27 17:13:28,091] - graphviz._tools - DEBUG - deprecate positional args: graphviz.dot.Dot.attr(['_attributes'])
[2024-12-27 17:13:28,091] - graphviz._tools - DEBUG - deprecate positional args: graphviz.dot.Dot.subgraph(['name', 'comment', 'graph_attr', 'node_attr', 'edge_attr', 'body'])
[2024-12-27 17:13:28,092] - graphviz._tools - DEBUG - deprecate positional args: graphviz.piping.Pipe._pipe_legacy(['renderer', 'formatter', 'neato_no_op', 'quiet'])
[2024-12-27 17:13:28,093] - graphviz._tools - DEBUG - deprecate positional args: graphviz.saving.Save.save(['directory'])
[2024-12-27 17:13:28,093] - graphviz._tools - DEBUG - deprecate positional args: graphviz.rendering.Render.render(['directory', 'view', 'cleanup', 'format', 'renderer', 'formatter', 'neato_no_op', 'quiet', 'quiet_view'])
[2024-12-27 17:13:28,094] - graphviz._tools - DEBUG - deprecate positional args: graphviz.rendering.Render.view(['directory', 'cleanup', 'quiet', 'quiet_view'])
[2024-12-27 17:13:28,094] - graphviz._tools - DEBUG - deprecate positional args: graphviz.unflattening.Unflatten.unflatten(['stagger', 'fanout', 'chain'])
[2024-12-27 17:13:28,094] - graphviz._tools - DEBUG - deprecate positional args: graphviz.graphs.BaseGraph.__init__(['comment', 'filename', 'directory', 'format', 'engine', 'encoding', 'graph_attr', 'node_attr', 'edge_attr', 'body', 'strict'])
[2024-12-27 17:13:28,095] - graphviz._tools - DEBUG - deprecate positional args: graphviz.sources.Source.from_file(['directory', 'format', 'engine', 'encoding', 'renderer', 'formatter'])
[2024-12-27 17:13:28,095] - graphviz._tools - DEBUG - deprecate positional args: graphviz.sources.Source.__init__(['filename', 'directory', 'format', 'engine', 'encoding'])
[2024-12-27 17:13:28,095] - graphviz._tools - DEBUG - deprecate positional args: graphviz.sources.Source.save(['directory'])
[2024-12-27 17:13:44,395] - root - INFO - Start data Ingestion
[2024-12-27 17:13:44,473] - root - INFO - Train and Test data split done
[2024-12-27 17:13:44,474] - root - INFO - Exited split_data_as_train_test method of Data_Ingestion class
[2024-12-27 17:13:44,474] - root - INFO - exporting created for train and test data to filepath
[2024-12-27 17:13:44,517] - root - INFO - exported train and test data to filepath
[2024-12-27 17:13:44,518] - root - INFO - Data Ingestion completed and artifact: DataIngestionArtifact(train_file_path='Artifacts\\12_27_2024_17_13_27\\data_ingestion\\ingested\\train.csv', test_file_path='Artifacts\\12_27_2024_17_13_27\\data_ingestion\\ingested\\test.csv')
[2024-12-27 17:13:44,521] - root - INFO - Initiate the data Validation
[2024-12-27 17:13:44,521] - root - INFO - Initiating data validation
[2024-12-27 17:13:44,561] - root - INFO - Required number of columns in the schema:21
[2024-12-27 17:13:44,561] - root - INFO - Dataframe has columns:21
[2024-12-27 17:13:44,561] - root - INFO - Number of columns in the dataframe matches the schema
[2024-12-27 17:13:44,561] - root - INFO - Required number of columns in the schema:21
[2024-12-27 17:13:44,561] - root - INFO - Dataframe has columns:21
[2024-12-27 17:13:44,561] - root - INFO - Number of columns in the dataframe matches the schema
[2024-12-27 17:13:44,838] - root - INFO - Entered initiate_data_transformation method of DataTransformation class
[2024-12-27 17:13:44,838] - root - INFO - Starting data transformation
[2024-12-27 17:13:44,894] - root - INFO - Entered get_data_transformer_object method of DataTransformation class
[2024-12-27 17:13:44,894] - root - INFO - Initialized transformation pipeline successfully.
[2024-12-27 17:13:45,940] - root - INFO - Entered the save_object method of MainUtils class
[2024-12-27 17:13:45,941] - root - INFO - Exited the save_object method of MainUtils class
[2024-12-27 17:13:47,574] - git.cmd - DEBUG - Popen(['git', 'version'], cwd=C:\Users\Daniy\Telco Customer Churn Prediction, stdin=None, shell=False, universal_newlines=False)
[2024-12-27 17:13:47,609] - git.cmd - DEBUG - Popen(['git', 'version'], cwd=C:\Users\Daniy\Telco Customer Churn Prediction, stdin=None, shell=False, universal_newlines=False)
[2024-12-27 17:13:53,266] - root - INFO - Entered the save_object method of MainUtils class
[2024-12-27 17:13:53,266] - root - INFO - Exited the save_object method of MainUtils class
[2024-12-27 17:14:12,310] - root - INFO - Entered the save_object method of MainUtils class
[2024-12-27 17:14:12,313] - root - INFO - Exited the save_object method of MainUtils class
[2024-12-27 17:17:12,896] - root - INFO - Entered the save_object method of MainUtils class
[2024-12-27 17:17:12,901] - root - INFO - Exited the save_object method of MainUtils class
[2024-12-27 17:17:21,567] - root - INFO - Entered the save_object method of MainUtils class
[2024-12-27 17:17:21,572] - root - INFO - Exited the save_object method of MainUtils class
